--------------------------------------------------------------------------
[[1977,1],0]: A high-performance Open MPI point-to-point messaging module
was unable to find any relevant network interfaces:

Module: OpenFabrics (openib)
  Host: ip-172-31-48-171

Another transport will be used instead, although this may result in
lower performance.
--------------------------------------------------------------------------
Init time, 0.110577
Init time, 0.113985
Iteration: 1, 0.071163, 0.181740
Iteration: 1, 0.068887, 0.182872
Iteration: 2, 0.269052, 0.450986
Iteration: 2, 0.269116, 0.452076
Iteration: 3, 0.267520, 0.718700
Iteration: 3, 0.267341, 0.719489
Iteration: 4, 0.062404, 0.781359
Iteration: 4, 0.062844, 0.782402
Iteration: 5, 0.482210, 1.263766
Iteration: 5, 0.482394, 1.264868
Iteration: 6, 0.065763, 1.329733
Iteration: 6, 0.066072, 1.331012
Iteration: 7, 0.086236, 1.416177
Iteration: 7, 0.086182, 1.417260
Iteration: 8, 0.064963, 1.481332
Iteration: 8, 0.065014, 1.482347
Iteration: 9, 0.273168, 1.754686
Iteration: 9, 0.273338, 1.755757
Iteration: 10, 3.164900, 4.919792
Iteration: 10, 3.165024, 4.920864
[MO833] TOTAL_MAIN_TIME: 4.987897
[MO833] TOTAL_MAIN_TIME: 4.988659
